2021-02-19 13:49:46,770 INFO Set uid to user 0 succeeded
2021-02-19 13:49:46,775 INFO supervisord started with pid 17
2021-02-19 13:49:47,777 INFO spawned: 'php' with pid 19
2021-02-19 13:49:48,779 INFO success: php entered RUNNING state, process has stayed up for > than 1 seconds (startsecs)
2021-02-19 17:55:58,874 INFO exited: php (terminated by SIGTERM; not expected)
2021-02-19 17:55:58,875 WARN received SIGTERM indicating exit request
2021-02-21 20:34:52,710 INFO Set uid to user 0 succeeded
2021-02-21 20:34:52,744 INFO supervisord started with pid 16
2021-02-21 20:34:53,747 INFO spawned: 'php' with pid 18
2021-02-21 20:34:54,749 INFO success: php entered RUNNING state, process has stayed up for > than 1 seconds (startsecs)
2021-02-21 22:03:06,277 INFO Set uid to user 0 succeeded
2021-02-21 22:03:06,282 INFO supervisord started with pid 16
2021-02-21 22:03:07,284 INFO spawned: 'php' with pid 18
2021-02-21 22:03:08,286 INFO success: php entered RUNNING state, process has stayed up for > than 1 seconds (startsecs)
2021-02-21 22:04:31,079 INFO Set uid to user 0 succeeded
2021-02-21 22:04:31,084 INFO supervisord started with pid 16
2021-02-21 22:04:32,086 INFO spawned: 'php' with pid 18
2021-02-21 22:04:33,088 INFO success: php entered RUNNING state, process has stayed up for > than 1 seconds (startsecs)
2021-02-21 22:06:06,122 INFO Set uid to user 0 succeeded
2021-02-21 22:06:06,126 INFO supervisord started with pid 16
2021-02-21 22:06:07,129 INFO spawned: 'php' with pid 18
2021-02-21 22:06:08,130 INFO success: php entered RUNNING state, process has stayed up for > than 1 seconds (startsecs)
2021-02-21 22:08:16,369 INFO Set uid to user 0 succeeded
2021-02-21 22:08:16,373 INFO supervisord started with pid 16
2021-02-21 22:08:17,376 INFO spawned: 'php' with pid 18
2021-02-21 22:08:18,377 INFO success: php entered RUNNING state, process has stayed up for > than 1 seconds (startsecs)
2021-02-21 22:10:57,038 INFO Set uid to user 0 succeeded
2021-02-21 22:10:57,043 INFO supervisord started with pid 16
2021-02-21 22:10:58,046 INFO spawned: 'php' with pid 18
2021-02-21 22:10:59,047 INFO success: php entered RUNNING state, process has stayed up for > than 1 seconds (startsecs)
2021-02-21 22:11:47,300 INFO Set uid to user 0 succeeded
2021-02-21 22:11:47,304 INFO supervisord started with pid 17
2021-02-21 22:11:48,307 INFO spawned: 'php' with pid 19
2021-02-21 22:11:49,309 INFO success: php entered RUNNING state, process has stayed up for > than 1 seconds (startsecs)
2021-02-21 22:12:27,689 INFO Set uid to user 0 succeeded
2021-02-21 22:12:27,693 INFO supervisord started with pid 16
2021-02-21 22:12:28,696 INFO spawned: 'php' with pid 18
2021-02-21 22:12:29,698 INFO success: php entered RUNNING state, process has stayed up for > than 1 seconds (startsecs)
2021-02-21 22:15:45,026 INFO Set uid to user 0 succeeded
2021-02-21 22:15:45,030 INFO supervisord started with pid 16
2021-02-21 22:15:46,033 INFO spawned: 'php' with pid 18
2021-02-21 22:15:47,035 INFO success: php entered RUNNING state, process has stayed up for > than 1 seconds (startsecs)
2021-02-22 11:25:17,046 INFO Set uid to user 0 succeeded
2021-02-22 11:25:17,067 INFO supervisord started with pid 9
2021-02-22 11:25:18,069 INFO spawned: 'php' with pid 11
2021-02-22 11:25:19,071 INFO success: php entered RUNNING state, process has stayed up for > than 1 seconds (startsecs)
2021-02-23 05:41:25,249 INFO Set uid to user 0 succeeded
2021-02-23 05:41:25,324 INFO supervisord started with pid 8
2021-02-23 05:41:26,327 INFO spawned: 'php' with pid 10
2021-02-23 05:41:27,329 INFO success: php entered RUNNING state, process has stayed up for > than 1 seconds (startsecs)
2021-02-24 02:37:53,961 INFO Set uid to user 0 succeeded
2021-02-24 02:37:54,008 INFO supervisord started with pid 9
2021-02-24 02:37:55,013 INFO spawned: 'php' with pid 11
2021-02-24 02:37:56,015 INFO success: php entered RUNNING state, process has stayed up for > than 1 seconds (startsecs)
2021-02-24 17:22:29,688 INFO exited: php (terminated by SIGTERM; not expected)
2021-02-24 17:22:29,688 WARN received SIGTERM indicating exit request
2021-02-24 17:33:20,389 INFO Set uid to user 0 succeeded
2021-02-24 17:33:20,393 INFO supervisord started with pid 17
2021-02-24 17:33:21,396 INFO spawned: 'php' with pid 19
2021-02-24 17:33:22,398 INFO success: php entered RUNNING state, process has stayed up for > than 1 seconds (startsecs)
2021-02-25 03:32:52,224 INFO Set uid to user 0 succeeded
2021-02-25 03:32:52,239 INFO supervisord started with pid 16
2021-02-25 03:32:53,241 INFO spawned: 'php' with pid 18
2021-02-25 03:32:54,242 INFO success: php entered RUNNING state, process has stayed up for > than 1 seconds (startsecs)
2021-02-26 02:47:03,539 INFO Set uid to user 0 succeeded
2021-02-26 02:47:03,550 INFO supervisord started with pid 17
2021-02-26 02:47:04,552 INFO spawned: 'php' with pid 19
2021-02-26 02:47:05,554 INFO success: php entered RUNNING state, process has stayed up for > than 1 seconds (startsecs)
2021-02-26 15:14:29,989 INFO Set uid to user 0 succeeded
2021-02-26 15:14:30,009 INFO supervisord started with pid 16
2021-02-26 15:14:31,011 INFO spawned: 'php' with pid 18
2021-02-26 15:14:32,013 INFO success: php entered RUNNING state, process has stayed up for > than 1 seconds (startsecs)
